[ 2016-10-02T00:01:55+08:00 ] 115.193.169.123 /Home/login
INFO: [ app_init ] --START--
INFO: Run Behavior\BuildLiteBehavior [ RunTime:0.000012s ]
INFO: [ app_init ] --END-- [ RunTime:0.000093s ]
INFO: [ app_begin ] --START--
INFO: Run Behavior\ReadHtmlCacheBehavior [ RunTime:0.000037s ]
INFO: [ app_begin ] --END-- [ RunTime:0.000071s ]
NOTIC: [8] Use of undefined constant REQUEST_URI - assumed 'REQUEST_URI' /alidata/www/phpwind/Application/Common/Controller/BaseController.class.php 第 40 行.
NOTIC: [8] Undefined index: user /alidata/www/phpwind/Application/Common/Controller/BaseController.class.php 第 45 行.
NOTIC: [8] Use of undefined constant REQUEST_URI - assumed 'REQUEST_URI' /alidata/www/phpwind/Application/Common/Controller/BaseController.class.php 第 46 行.
NOTIC: [8] Undefined index: user /alidata/www/phpwind/Application/Common/Controller/BaseController.class.php 第 62 行.
INFO: [ view_parse ] --START--
INFO: [ template_filter ] --START--
INFO: Run Behavior\ContentReplaceBehavior [ RunTime:0.000031s ]
INFO: [ template_filter ] --END-- [ RunTime:0.000067s ]
INFO: Run Behavior\ParseTemplateBehavior [ RunTime:0.001857s ]
INFO: [ view_parse ] --END-- [ RunTime:0.001894s ]
INFO: [ view_filter ] --START--
INFO: Run Behavior\WriteHtmlCacheBehavior [ RunTime:0.000076s ]
INFO: [ view_filter ] --END-- [ RunTime:0.000106s ]
INFO: [ app_end ] --START--
INFO: Run Behavior\ShowPageTraceBehavior [ RunTime:0.000039s ]
INFO: [ app_end ] --END-- [ RunTime:0.000068s ]

[ 2016-10-02T00:01:55+08:00 ] 115.193.169.123 /Home/login/getVerifyImg
INFO: [ app_init ] --START--
INFO: Run Behavior\BuildLiteBehavior [ RunTime:0.000011s ]
INFO: [ app_init ] --END-- [ RunTime:0.000075s ]
INFO: [ app_begin ] --START--
INFO: Run Behavior\ReadHtmlCacheBehavior [ RunTime:0.000031s ]
INFO: [ app_begin ] --END-- [ RunTime:0.000064s ]
NOTIC: [8] Use of undefined constant REQUEST_URI - assumed 'REQUEST_URI' /alidata/www/phpwind/Application/Common/Controller/BaseController.class.php 第 40 行.
NOTIC: [8] Undefined index: user /alidata/www/phpwind/Application/Common/Controller/BaseController.class.php 第 45 行.
NOTIC: [8] Use of undefined constant REQUEST_URI - assumed 'REQUEST_URI' /alidata/www/phpwind/Application/Common/Controller/BaseController.class.php 第 46 行.
NOTIC: [8] Undefined index: user /alidata/www/phpwind/Application/Common/Controller/BaseController.class.php 第 62 行.
INFO: [ app_end ] --START--
INFO: Run Behavior\ShowPageTraceBehavior [ RunTime:0.000036s ]
INFO: [ app_end ] --END-- [ RunTime:0.000076s ]

[ 2016-10-02T00:01:56+08:00 ] 115.193.169.123 /Home/reg
INFO: [ app_init ] --START--
INFO: Run Behavior\BuildLiteBehavior [ RunTime:0.000012s ]
INFO: [ app_init ] --END-- [ RunTime:0.000114s ]
INFO: [ app_begin ] --START--
INFO: Run Behavior\ReadHtmlCacheBehavior [ RunTime:0.000032s ]
INFO: [ app_begin ] --END-- [ RunTime:0.000065s ]
NOTIC: [8] Use of undefined constant REQUEST_URI - assumed 'REQUEST_URI' /alidata/www/phpwind/Application/Common/Controller/BaseController.class.php 第 40 行.
NOTIC: [8] Undefined index: user /alidata/www/phpwind/Application/Common/Controller/BaseController.class.php 第 45 行.
NOTIC: [8] Use of undefined constant REQUEST_URI - assumed 'REQUEST_URI' /alidata/www/phpwind/Application/Common/Controller/BaseController.class.php 第 46 行.
NOTIC: [8] Use of undefined constant REQUEST_URI - assumed 'REQUEST_URI' /alidata/www/phpwind/Application/Common/Controller/BaseController.class.php 第 46 行.
NOTIC: [8] Undefined index: user /alidata/www/phpwind/Application/Common/Controller/BaseController.class.php 第 62 行.
INFO: [ view_parse ] --START--
INFO: [ template_filter ] --START--
INFO: Run Behavior\ContentReplaceBehavior [ RunTime:0.000032s ]
INFO: [ template_filter ] --END-- [ RunTime:0.000068s ]
INFO: Run Behavior\ParseTemplateBehavior [ RunTime:0.001772s ]
INFO: [ view_parse ] --END-- [ RunTime:0.001809s ]
INFO: [ view_filter ] --START--
INFO: Run Behavior\WriteHtmlCacheBehavior [ RunTime:0.000031s ]
INFO: [ view_filter ] --END-- [ RunTime:0.000058s ]
INFO: [ app_end ] --START--
INFO: Run Behavior\ShowPageTraceBehavior [ RunTime:0.000028s ]
INFO: [ app_end ] --END-- [ RunTime:0.000057s ]

[ 2016-10-02T00:01:56+08:00 ] 115.193.169.123 /Home/login/getVerifyImg
INFO: [ app_init ] --START--
INFO: Run Behavior\BuildLiteBehavior [ RunTime:0.000010s ]
INFO: [ app_init ] --END-- [ RunTime:0.000076s ]
INFO: [ app_begin ] --START--
INFO: Run Behavior\ReadHtmlCacheBehavior [ RunTime:0.000029s ]
INFO: [ app_begin ] --END-- [ RunTime:0.000062s ]
NOTIC: [8] Use of undefined constant REQUEST_URI - assumed 'REQUEST_URI' /alidata/www/phpwind/Application/Common/Controller/BaseController.class.php 第 40 行.
NOTIC: [8] Undefined index: user /alidata/www/phpwind/Application/Common/Controller/BaseController.class.php 第 45 行.
NOTIC: [8] Use of undefined constant REQUEST_URI - assumed 'REQUEST_URI' /alidata/www/phpwind/Application/Common/Controller/BaseController.class.php 第 46 行.
NOTIC: [8] Undefined index: user /alidata/www/phpwind/Application/Common/Controller/BaseController.class.php 第 62 行.
INFO: [ app_end ] --START--
INFO: Run Behavior\ShowPageTraceBehavior [ RunTime:0.000038s ]
INFO: [ app_end ] --END-- [ RunTime:0.000078s ]

[ 2016-10-02T00:02:09+08:00 ] 115.193.169.123 /Home/reg
INFO: [ app_init ] --START--
INFO: Run Behavior\BuildLiteBehavior [ RunTime:0.000013s ]
INFO: [ app_init ] --END-- [ RunTime:0.000093s ]
INFO: [ app_begin ] --START--
INFO: Run Behavior\ReadHtmlCacheBehavior [ RunTime:0.000034s ]
INFO: [ app_begin ] --END-- [ RunTime:0.000067s ]
NOTIC: [8] Use of undefined constant REQUEST_URI - assumed 'REQUEST_URI' /alidata/www/phpwind/Application/Common/Controller/BaseController.class.php 第 40 行.
NOTIC: [8] Undefined index: user /alidata/www/phpwind/Application/Common/Controller/BaseController.class.php 第 45 行.
NOTIC: [8] Use of undefined constant REQUEST_URI - assumed 'REQUEST_URI' /alidata/www/phpwind/Application/Common/Controller/BaseController.class.php 第 46 行.
NOTIC: [8] Use of undefined constant REQUEST_URI - assumed 'REQUEST_URI' /alidata/www/phpwind/Application/Common/Controller/BaseController.class.php 第 46 行.
NOTIC: [8] Undefined index: user /alidata/www/phpwind/Application/Common/Controller/BaseController.class.php 第 62 行.

[ 2016-10-02T00:02:11+08:00 ] 115.193.169.123 /Home/reg
INFO: [ app_init ] --START--
INFO: Run Behavior\BuildLiteBehavior [ RunTime:0.000013s ]
INFO: [ app_init ] --END-- [ RunTime:0.000086s ]
INFO: [ app_begin ] --START--
INFO: Run Behavior\ReadHtmlCacheBehavior [ RunTime:0.000031s ]
INFO: [ app_begin ] --END-- [ RunTime:0.000065s ]
NOTIC: [8] Use of undefined constant REQUEST_URI - assumed 'REQUEST_URI' /alidata/www/phpwind/Application/Common/Controller/BaseController.class.php 第 40 行.
NOTIC: [8] Undefined index: user /alidata/www/phpwind/Application/Common/Controller/BaseController.class.php 第 45 行.
NOTIC: [8] Use of undefined constant REQUEST_URI - assumed 'REQUEST_URI' /alidata/www/phpwind/Application/Common/Controller/BaseController.class.php 第 46 行.
NOTIC: [8] Use of undefined constant REQUEST_URI - assumed 'REQUEST_URI' /alidata/www/phpwind/Application/Common/Controller/BaseController.class.php 第 46 行.
NOTIC: [8] Undefined index: user /alidata/www/phpwind/Application/Common/Controller/BaseController.class.php 第 62 行.
INFO: [ view_parse ] --START--
INFO: [ template_filter ] --START--
INFO: Run Behavior\ContentReplaceBehavior [ RunTime:0.000033s ]
INFO: [ template_filter ] --END-- [ RunTime:0.000070s ]
INFO: Run Behavior\ParseTemplateBehavior [ RunTime:0.001780s ]
INFO: [ view_parse ] --END-- [ RunTime:0.001817s ]
INFO: [ view_filter ] --START--
INFO: Run Behavior\WriteHtmlCacheBehavior [ RunTime:0.000037s ]
INFO: [ view_filter ] --END-- [ RunTime:0.000065s ]
INFO: [ app_end ] --START--
INFO: Run Behavior\ShowPageTraceBehavior [ RunTime:0.000034s ]
INFO: [ app_end ] --END-- [ RunTime:0.000061s ]

[ 2016-10-02T00:02:11+08:00 ] 115.193.169.123 /Home/login/getVerifyImg
INFO: [ app_init ] --START--
INFO: Run Behavior\BuildLiteBehavior [ RunTime:0.000014s ]
INFO: [ app_init ] --END-- [ RunTime:0.000087s ]
INFO: [ app_begin ] --START--
INFO: Run Behavior\ReadHtmlCacheBehavior [ RunTime:0.000031s ]
INFO: [ app_begin ] --END-- [ RunTime:0.000066s ]
NOTIC: [8] Use of undefined constant REQUEST_URI - assumed 'REQUEST_URI' /alidata/www/phpwind/Application/Common/Controller/BaseController.class.php 第 40 行.
NOTIC: [8] Undefined index: user /alidata/www/phpwind/Application/Common/Controller/BaseController.class.php 第 45 行.
NOTIC: [8] Use of undefined constant REQUEST_URI - assumed 'REQUEST_URI' /alidata/www/phpwind/Application/Common/Controller/BaseController.class.php 第 46 行.
NOTIC: [8] Undefined index: user /alidata/www/phpwind/Application/Common/Controller/BaseController.class.php 第 62 行.
INFO: [ app_end ] --START--
INFO: Run Behavior\ShowPageTraceBehavior [ RunTime:0.000038s ]
INFO: [ app_end ] --END-- [ RunTime:0.000080s ]

[ 2016-10-02T00:02:22+08:00 ] 115.193.169.123 /Home/reg
INFO: [ app_init ] --START--
INFO: Run Behavior\BuildLiteBehavior [ RunTime:0.000013s ]
INFO: [ app_init ] --END-- [ RunTime:0.000092s ]
INFO: [ app_begin ] --START--
INFO: Run Behavior\ReadHtmlCacheBehavior [ RunTime:0.000034s ]
INFO: [ app_begin ] --END-- [ RunTime:0.000069s ]
NOTIC: [8] Use of undefined constant REQUEST_URI - assumed 'REQUEST_URI' /alidata/www/phpwind/Application/Common/Controller/BaseController.class.php 第 40 行.
NOTIC: [8] Undefined index: user /alidata/www/phpwind/Application/Common/Controller/BaseController.class.php 第 45 行.
NOTIC: [8] Use of undefined constant REQUEST_URI - assumed 'REQUEST_URI' /alidata/www/phpwind/Application/Common/Controller/BaseController.class.php 第 46 行.
NOTIC: [8] Use of undefined constant REQUEST_URI - assumed 'REQUEST_URI' /alidata/www/phpwind/Application/Common/Controller/BaseController.class.php 第 46 行.
NOTIC: [8] Undefined index: user /alidata/www/phpwind/Application/Common/Controller/BaseController.class.php 第 62 行.
SQL: SHOW COLUMNS FROM `cloud_user` [ RunTime:0.0007s ]
SQL: SELECT * FROM cloud_user WHERE username='ceshi1' [ RunTime:0.0002s ]
SQL: INSERT INTO cloud_user (username, password, email, reg_time) VALUES ('ceshi1', 'd8fab51439706762fc1ba7096c8558999210193e', 'ceshi1@qq.com', NOW()) [ RunTime:0.0003s ]

[ 2016-10-02T00:02:23+08:00 ] 115.193.169.123 /Home/login
INFO: [ app_init ] --START--
INFO: Run Behavior\BuildLiteBehavior [ RunTime:0.000013s ]
INFO: [ app_init ] --END-- [ RunTime:0.000086s ]
INFO: [ app_begin ] --START--
INFO: Run Behavior\ReadHtmlCacheBehavior [ RunTime:0.000032s ]
INFO: [ app_begin ] --END-- [ RunTime:0.000066s ]
NOTIC: [8] Use of undefined constant REQUEST_URI - assumed 'REQUEST_URI' /alidata/www/phpwind/Application/Common/Controller/BaseController.class.php 第 40 行.
NOTIC: [8] Undefined index: user /alidata/www/phpwind/Application/Common/Controller/BaseController.class.php 第 45 行.
NOTIC: [8] Use of undefined constant REQUEST_URI - assumed 'REQUEST_URI' /alidata/www/phpwind/Application/Common/Controller/BaseController.class.php 第 46 行.
NOTIC: [8] Undefined index: user /alidata/www/phpwind/Application/Common/Controller/BaseController.class.php 第 62 行.
INFO: [ view_parse ] --START--
INFO: [ template_filter ] --START--
INFO: Run Behavior\ContentReplaceBehavior [ RunTime:0.000033s ]
INFO: [ template_filter ] --END-- [ RunTime:0.000069s ]
INFO: Run Behavior\ParseTemplateBehavior [ RunTime:0.001759s ]
INFO: [ view_parse ] --END-- [ RunTime:0.001797s ]
INFO: [ view_filter ] --START--
INFO: Run Behavior\WriteHtmlCacheBehavior [ RunTime:0.000037s ]
INFO: [ view_filter ] --END-- [ RunTime:0.000065s ]
INFO: [ app_end ] --START--
INFO: Run Behavior\ShowPageTraceBehavior [ RunTime:0.000034s ]
INFO: [ app_end ] --END-- [ RunTime:0.000061s ]

[ 2016-10-02T00:02:23+08:00 ] 115.193.169.123 /Home/login/getVerifyImg
INFO: [ app_init ] --START--
INFO: Run Behavior\BuildLiteBehavior [ RunTime:0.000014s ]
INFO: [ app_init ] --END-- [ RunTime:0.000085s ]
INFO: [ app_begin ] --START--
INFO: Run Behavior\ReadHtmlCacheBehavior [ RunTime:0.000032s ]
INFO: [ app_begin ] --END-- [ RunTime:0.000065s ]
NOTIC: [8] Use of undefined constant REQUEST_URI - assumed 'REQUEST_URI' /alidata/www/phpwind/Application/Common/Controller/BaseController.class.php 第 40 行.
NOTIC: [8] Undefined index: user /alidata/www/phpwind/Application/Common/Controller/BaseController.class.php 第 45 行.
NOTIC: [8] Use of undefined constant REQUEST_URI - assumed 'REQUEST_URI' /alidata/www/phpwind/Application/Common/Controller/BaseController.class.php 第 46 行.
NOTIC: [8] Undefined index: user /alidata/www/phpwind/Application/Common/Controller/BaseController.class.php 第 62 行.
INFO: [ app_end ] --START--
INFO: Run Behavior\ShowPageTraceBehavior [ RunTime:0.000043s ]
INFO: [ app_end ] --END-- [ RunTime:0.000092s ]

[ 2016-10-02T00:02:26+08:00 ] 115.193.169.123 /Home/login
INFO: [ app_init ] --START--
INFO: Run Behavior\BuildLiteBehavior [ RunTime:0.000013s ]
INFO: [ app_init ] --END-- [ RunTime:0.000108s ]
INFO: [ app_begin ] --START--
INFO: Run Behavior\ReadHtmlCacheBehavior [ RunTime:0.000033s ]
INFO: [ app_begin ] --END-- [ RunTime:0.000066s ]
NOTIC: [8] Use of undefined constant REQUEST_URI - assumed 'REQUEST_URI' /alidata/www/phpwind/Application/Common/Controller/BaseController.class.php 第 40 行.
NOTIC: [8] Undefined index: user /alidata/www/phpwind/Application/Common/Controller/BaseController.class.php 第 45 行.
NOTIC: [8] Use of undefined constant REQUEST_URI - assumed 'REQUEST_URI' /alidata/www/phpwind/Application/Common/Controller/BaseController.class.php 第 46 行.
NOTIC: [8] Undefined index: user /alidata/www/phpwind/Application/Common/Controller/BaseController.class.php 第 62 行.

[ 2016-10-02T00:02:27+08:00 ] 115.193.169.123 /Home/login
INFO: [ app_init ] --START--
INFO: Run Behavior\BuildLiteBehavior [ RunTime:0.000012s ]
INFO: [ app_init ] --END-- [ RunTime:0.000086s ]
INFO: [ app_begin ] --START--
INFO: Run Behavior\ReadHtmlCacheBehavior [ RunTime:0.000033s ]
INFO: [ app_begin ] --END-- [ RunTime:0.000067s ]
NOTIC: [8] Use of undefined constant REQUEST_URI - assumed 'REQUEST_URI' /alidata/www/phpwind/Application/Common/Controller/BaseController.class.php 第 40 行.
NOTIC: [8] Undefined index: user /alidata/www/phpwind/Application/Common/Controller/BaseController.class.php 第 45 行.
NOTIC: [8] Use of undefined constant REQUEST_URI - assumed 'REQUEST_URI' /alidata/www/phpwind/Application/Common/Controller/BaseController.class.php 第 46 行.
NOTIC: [8] Undefined index: user /alidata/www/phpwind/Application/Common/Controller/BaseController.class.php 第 62 行.
INFO: [ view_parse ] --START--
INFO: [ template_filter ] --START--
INFO: Run Behavior\ContentReplaceBehavior [ RunTime:0.000032s ]
INFO: [ template_filter ] --END-- [ RunTime:0.000068s ]
INFO: Run Behavior\ParseTemplateBehavior [ RunTime:0.001703s ]
INFO: [ view_parse ] --END-- [ RunTime:0.001740s ]
INFO: [ view_filter ] --START--
INFO: Run Behavior\WriteHtmlCacheBehavior [ RunTime:0.000036s ]
INFO: [ view_filter ] --END-- [ RunTime:0.000064s ]
INFO: [ app_end ] --START--
INFO: Run Behavior\ShowPageTraceBehavior [ RunTime:0.000032s ]
INFO: [ app_end ] --END-- [ RunTime:0.000060s ]

[ 2016-10-02T00:02:27+08:00 ] 115.193.169.123 /Home/login/getVerifyImg
INFO: [ app_init ] --START--
INFO: Run Behavior\BuildLiteBehavior [ RunTime:0.000013s ]
INFO: [ app_init ] --END-- [ RunTime:0.000085s ]
INFO: [ app_begin ] --START--
INFO: Run Behavior\ReadHtmlCacheBehavior [ RunTime:0.000033s ]
INFO: [ app_begin ] --END-- [ RunTime:0.000076s ]
NOTIC: [8] Use of undefined constant REQUEST_URI - assumed 'REQUEST_URI' /alidata/www/phpwind/Application/Common/Controller/BaseController.class.php 第 40 行.
NOTIC: [8] Undefined index: user /alidata/www/phpwind/Application/Common/Controller/BaseController.class.php 第 45 行.
NOTIC: [8] Use of undefined constant REQUEST_URI - assumed 'REQUEST_URI' /alidata/www/phpwind/Application/Common/Controller/BaseController.class.php 第 46 行.
NOTIC: [8] Undefined index: user /alidata/www/phpwind/Application/Common/Controller/BaseController.class.php 第 62 行.
INFO: [ app_end ] --START--
INFO: Run Behavior\ShowPageTraceBehavior [ RunTime:0.000036s ]
INFO: [ app_end ] --END-- [ RunTime:0.000076s ]

[ 2016-10-02T00:02:41+08:00 ] 115.193.169.123 /Home/login
INFO: [ app_init ] --START--
INFO: Run Behavior\BuildLiteBehavior [ RunTime:0.000013s ]
INFO: [ app_init ] --END-- [ RunTime:0.000094s ]
INFO: [ app_begin ] --START--
INFO: Run Behavior\ReadHtmlCacheBehavior [ RunTime:0.000034s ]
INFO: [ app_begin ] --END-- [ RunTime:0.000069s ]
NOTIC: [8] Use of undefined constant REQUEST_URI - assumed 'REQUEST_URI' /alidata/www/phpwind/Application/Common/Controller/BaseController.class.php 第 40 行.
NOTIC: [8] Undefined index: user /alidata/www/phpwind/Application/Common/Controller/BaseController.class.php 第 45 行.
NOTIC: [8] Use of undefined constant REQUEST_URI - assumed 'REQUEST_URI' /alidata/www/phpwind/Application/Common/Controller/BaseController.class.php 第 46 行.
NOTIC: [8] Undefined index: user /alidata/www/phpwind/Application/Common/Controller/BaseController.class.php 第 62 行.
SQL: SHOW COLUMNS FROM `cloud_user` [ RunTime:0.0007s ]
SQL: SELECT * FROM cloud_user WHERE username='ceshi1' [ RunTime:0.0002s ]
ERR: 1292:Incorrect datetime value: '' for column 'lastlogin_time' at row 1
 [ SQL语句 ] : UPDATE cloud_user SET lastlogin_time = '', lastlogin_ip = '000.000.000.000', currentlogin_time = '2016-10-02 00:02:41', currentlogin_ip = '115.193.169.123', login_count = '1' WHERE id = '17'
ERR: 1292:Incorrect datetime value: '' for column 'lastlogin_time' at row 1
 [ SQL语句 ] : UPDATE cloud_user SET lastlogin_time = '', lastlogin_ip = '000.000.000.000', currentlogin_time = '2016-10-02 00:02:41', currentlogin_ip = '115.193.169.123', login_count = '1' WHERE id = '17'

[ 2016-10-02T11:53:29+08:00 ] 62.210.217.112 /Home/%20http%3A//s95.cnzz.com/z_stat.php?id=1260520261
ERR: 无法加载控制器: http:

