[ 2016-11-08T00:06:26+08:00 ] 113.201.31.243 /Home/changesoft?sid=&software=%E8%BF%85%E6%B8%B8%E6%9C%80%E6%96%B0%E5%AE%89%E8%A3%85%E7%89%88&try_minutes=30&try_count=2&bindmode=1&unbindmode=1&version=1&update_url=https%3A%2F%2Fjq.qq.com%2F%3F_wv%3D1027%26k%3D41GdKLB&updatemode=0&info=%E6%9C%AC%E8%BD%AF%E4%BB%B6%E9%9C%80%E8%A6%81%E8%B4%AD%E4%B9%B0.%E5%8F%AA%E5%8D%965%E5%85%83+10%E5%85%83%E6%B0%B8%E4%B9%85%E5%8C%85%E6%9B%B4%E6%96%B0%E8%BF%9B%E5%94%AE%E5%90%8E%E7%BE%A4%E6%B0%B8%E4%B9%85%E6%8E%88%E6%9D%83%E6%9B%B4%E6%96%B0++%E7%BE%A4271287922++%E8%B4%AD%E4%B9%B0%E8%AF%B7%E8%81%94%E7%B3%BBQQ76562950&frozen=0&submit=
ERR: 1406:Data too long for column 'info' at row 1
 [ SQL语句 ] : INSERT INTO cloud_software (create_time, user_id, name, try_minutes, try_count, bindmode, unbindmode, version, update_url, updatemode, info, frozen) VALUES ('2016-11-08 00:06:26', '109', '迅游最新安装版', '30', '2', '1', '1', '1', 'https://jq.qq.com/?_wv=1027&amp;k=41GdKLB', '0', '本软件需要购买.只卖5元 10元永久包更新进售后群永久授权更新  群271287922  购买请联系QQ76562950', '0')
ERR: 1406:Data too long for column 'info' at row 1
 [ SQL语句 ] : INSERT INTO cloud_software (create_time, user_id, name, try_minutes, try_count, bindmode, unbindmode, version, update_url, updatemode, info, frozen) VALUES ('2016-11-08 00:06:26', '109', '迅游最新安装版', '30', '2', '1', '1', '1', 'https://jq.qq.com/?_wv=1027&amp;k=41GdKLB', '0', '本软件需要购买.只卖5元 10元永久包更新进售后群永久授权更新  群271287922  购买请联系QQ76562950', '0')

[ 2016-11-08T00:06:33+08:00 ] 113.201.31.243 /Home/changesoft?sid=&software=%E8%BF%85%E6%B8%B8%E6%9C%80%E6%96%B0%E5%AE%89%E8%A3%85%E7%89%88&try_minutes=30&try_count=2&bindmode=1&unbindmode=1&version=1&update_url=https%3A%2F%2Fjq.qq.com%2F%3F_wv%3D1027%26k%3D41GdKLB&updatemode=0&info=%E6%9C%AC%E8%BD%AF%E4%BB%B6%E9%9C%80%E8%A6%81%E8%B4%AD%E4%B9%B0.%E5%8F%AA%E5%8D%965%E5%85%83+10%E5%85%83%E6%B0%B8%E4%B9%85%E5%8C%85%E6%9B%B4%E6%96%B0%E8%BF%9B%E5%94%AE%E5%90%8E%E7%BE%A4%E6%B0%B8%E4%B9%85%E6%8E%88%E6%9D%83%E6%9B%B4%E6%96%B0++%E7%BE%A4271287922++%E8%B4%AD%E4%B9%B0%E8%AF%B7%E8%81%94%E7%B3%BBQQ76562950&frozen=0&submit=
ERR: 1406:Data too long for column 'info' at row 1
 [ SQL语句 ] : INSERT INTO cloud_software (create_time, user_id, name, try_minutes, try_count, bindmode, unbindmode, version, update_url, updatemode, info, frozen) VALUES ('2016-11-08 00:06:33', '109', '迅游最新安装版', '30', '2', '1', '1', '1', 'https://jq.qq.com/?_wv=1027&amp;k=41GdKLB', '0', '本软件需要购买.只卖5元 10元永久包更新进售后群永久授权更新  群271287922  购买请联系QQ76562950', '0')
ERR: 1406:Data too long for column 'info' at row 1
 [ SQL语句 ] : INSERT INTO cloud_software (create_time, user_id, name, try_minutes, try_count, bindmode, unbindmode, version, update_url, updatemode, info, frozen) VALUES ('2016-11-08 00:06:33', '109', '迅游最新安装版', '30', '2', '1', '1', '1', 'https://jq.qq.com/?_wv=1027&amp;k=41GdKLB', '0', '本软件需要购买.只卖5元 10元永久包更新进售后群永久授权更新  群271287922  购买请联系QQ76562950', '0')

[ 2016-11-08T00:06:46+08:00 ] 113.201.31.243 /Home/changesoft?sid=&software=%E8%BF%85%E6%B8%B8%E6%9C%80%E6%96%B0%E5%AE%89%E8%A3%85%E7%89%88&try_minutes=30&try_count=2&bindmode=1&unbindmode=1&version=1&update_url=https%3A%2F%2Fjq.qq.com%2F%3F_wv%3D1027%26k%3D41GdKLB&updatemode=0&info=%E6%9C%AC%E8%BD%AF%E4%BB%B6%E9%9C%80%E8%A6%81%E8%B4%AD%E4%B9%B0.%E5%8F%AA%E5%8D%965%E5%85%83+10%E5%85%83%E6%B0%B8%E4%B9%85%E5%8C%85%E6%9B%B4%E6%96%B0%E8%BF%9B%E5%94%AE%E5%90%8E%E7%BE%A4%E6%B0%B8%E4%B9%85%E6%8E%88%E6%9D%83%E6%9B%B4%E6%96%B0++%E7%BE%A4271287922++%E8%B4%AD%E4%B9%B0%E8%AF%B7%E8%81%94%E7%B3%BBQQ76562950&frozen=0&submit=
ERR: 1406:Data too long for column 'info' at row 1
 [ SQL语句 ] : INSERT INTO cloud_software (create_time, user_id, name, try_minutes, try_count, bindmode, unbindmode, version, update_url, updatemode, info, frozen) VALUES ('2016-11-08 00:06:46', '109', '迅游最新安装版', '30', '2', '1', '1', '1', 'https://jq.qq.com/?_wv=1027&amp;k=41GdKLB', '0', '本软件需要购买.只卖5元 10元永久包更新进售后群永久授权更新  群271287922  购买请联系QQ76562950', '0')
ERR: 1406:Data too long for column 'info' at row 1
 [ SQL语句 ] : INSERT INTO cloud_software (create_time, user_id, name, try_minutes, try_count, bindmode, unbindmode, version, update_url, updatemode, info, frozen) VALUES ('2016-11-08 00:06:46', '109', '迅游最新安装版', '30', '2', '1', '1', '1', 'https://jq.qq.com/?_wv=1027&amp;k=41GdKLB', '0', '本软件需要购买.只卖5元 10元永久包更新进售后群永久授权更新  群271287922  购买请联系QQ76562950', '0')

[ 2016-11-08T00:06:51+08:00 ] 113.201.31.243 /Home/changesoft?sid=&software=%E8%BF%85%E6%B8%B8%E6%9C%80%E6%96%B0%E5%AE%89%E8%A3%85%E7%89%88&try_minutes=30&try_count=2&bindmode=1&unbindmode=1&version=1&update_url=https%3A%2F%2Fjq.qq.com%2F%3F_wv%3D1027%26k%3D41GdKLB&updatemode=0&info=%E6%9C%AC%E8%BD%AF%E4%BB%B6%E9%9C%80%E8%A6%81%E8%B4%AD%E4%B9%B0.%E5%8F%AA%E5%8D%965%E5%85%83+10%E5%85%83%E6%B0%B8%E4%B9%85%E5%8C%85%E6%9B%B4%E6%96%B0%E8%BF%9B%E5%94%AE%E5%90%8E%E7%BE%A4%E6%B0%B8%E4%B9%85%E6%8E%88%E6%9D%83%E6%9B%B4%E6%96%B0++%E7%BE%A4271287922++%E8%B4%AD%E4%B9%B0%E8%AF%B7%E8%81%94%E7%B3%BBQQ76562950&frozen=0&submit=
ERR: 1406:Data too long for column 'info' at row 1
 [ SQL语句 ] : INSERT INTO cloud_software (create_time, user_id, name, try_minutes, try_count, bindmode, unbindmode, version, update_url, updatemode, info, frozen) VALUES ('2016-11-08 00:06:51', '109', '迅游最新安装版', '30', '2', '1', '1', '1', 'https://jq.qq.com/?_wv=1027&amp;k=41GdKLB', '0', '本软件需要购买.只卖5元 10元永久包更新进售后群永久授权更新  群271287922  购买请联系QQ76562950', '0')
ERR: 1406:Data too long for column 'info' at row 1
 [ SQL语句 ] : INSERT INTO cloud_software (create_time, user_id, name, try_minutes, try_count, bindmode, unbindmode, version, update_url, updatemode, info, frozen) VALUES ('2016-11-08 00:06:51', '109', '迅游最新安装版', '30', '2', '1', '1', '1', 'https://jq.qq.com/?_wv=1027&amp;k=41GdKLB', '0', '本软件需要购买.只卖5元 10元永久包更新进售后群永久授权更新  群271287922  购买请联系QQ76562950', '0')

[ 2016-11-08T00:07:17+08:00 ] 113.201.31.243 /Home/changesoft?sid=&software=%E8%BF%85%E6%B8%B8%E6%9C%80%E6%96%B0%E5%AE%89%E8%A3%85%E7%89%88&try_minutes=30&try_count=2&bindmode=0&unbindmode=0&version=1&update_url=https%3A%2F%2Fjq.qq.com%2F%3F_wv%3D1027%26k%3D41GdKLB&updatemode=0&info=%E6%9C%AC%E8%BD%AF%E4%BB%B6%E9%9C%80%E8%A6%81%E8%B4%AD%E4%B9%B0.%E5%8F%AA%E5%8D%965%E5%85%83+10%E5%85%83%E6%B0%B8%E4%B9%85%E5%8C%85%E6%9B%B4%E6%96%B0%E8%BF%9B%E5%94%AE%E5%90%8E%E7%BE%A4%E6%B0%B8%E4%B9%85%E6%8E%88%E6%9D%83%E6%9B%B4%E6%96%B0++%E7%BE%A4271287922++%E8%B4%AD%E4%B9%B0%E8%AF%B7%E8%81%94%E7%B3%BBQQ76562950&frozen=0&submit=
ERR: 1406:Data too long for column 'info' at row 1
 [ SQL语句 ] : INSERT INTO cloud_software (create_time, user_id, name, try_minutes, try_count, bindmode, unbindmode, version, update_url, updatemode, info, frozen) VALUES ('2016-11-08 00:07:17', '109', '迅游最新安装版', '30', '2', '0', '0', '1', 'https://jq.qq.com/?_wv=1027&amp;k=41GdKLB', '0', '本软件需要购买.只卖5元 10元永久包更新进售后群永久授权更新  群271287922  购买请联系QQ76562950', '0')
ERR: 1406:Data too long for column 'info' at row 1
 [ SQL语句 ] : INSERT INTO cloud_software (create_time, user_id, name, try_minutes, try_count, bindmode, unbindmode, version, update_url, updatemode, info, frozen) VALUES ('2016-11-08 00:07:17', '109', '迅游最新安装版', '30', '2', '0', '0', '1', 'https://jq.qq.com/?_wv=1027&amp;k=41GdKLB', '0', '本软件需要购买.只卖5元 10元永久包更新进售后群永久授权更新  群271287922  购买请联系QQ76562950', '0')

[ 2016-11-08T00:07:27+08:00 ] 113.201.31.243 /Home/changesoft?sid=&software=%E8%BF%85%E6%B8%B8%E6%9C%80%E6%96%B0%E5%AE%89%E8%A3%85%E7%89%88&try_minutes=0&try_count=0&bindmode=0&unbindmode=0&version=1&update_url=https%3A%2F%2Fjq.qq.com%2F%3F_wv%3D1027%26k%3D41GdKLB&updatemode=0&info=%E6%9C%AC%E8%BD%AF%E4%BB%B6%E9%9C%80%E8%A6%81%E8%B4%AD%E4%B9%B0.%E5%8F%AA%E5%8D%965%E5%85%83+10%E5%85%83%E6%B0%B8%E4%B9%85%E5%8C%85%E6%9B%B4%E6%96%B0%E8%BF%9B%E5%94%AE%E5%90%8E%E7%BE%A4%E6%B0%B8%E4%B9%85%E6%8E%88%E6%9D%83%E6%9B%B4%E6%96%B0++%E7%BE%A4271287922++%E8%B4%AD%E4%B9%B0%E8%AF%B7%E8%81%94%E7%B3%BBQQ76562950&frozen=0&submit=
ERR: 1406:Data too long for column 'info' at row 1
 [ SQL语句 ] : INSERT INTO cloud_software (create_time, user_id, name, try_minutes, try_count, bindmode, unbindmode, version, update_url, updatemode, info, frozen) VALUES ('2016-11-08 00:07:27', '109', '迅游最新安装版', '0', '0', '0', '0', '1', 'https://jq.qq.com/?_wv=1027&amp;k=41GdKLB', '0', '本软件需要购买.只卖5元 10元永久包更新进售后群永久授权更新  群271287922  购买请联系QQ76562950', '0')
ERR: 1406:Data too long for column 'info' at row 1
 [ SQL语句 ] : INSERT INTO cloud_software (create_time, user_id, name, try_minutes, try_count, bindmode, unbindmode, version, update_url, updatemode, info, frozen) VALUES ('2016-11-08 00:07:27', '109', '迅游最新安装版', '0', '0', '0', '0', '1', 'https://jq.qq.com/?_wv=1027&amp;k=41GdKLB', '0', '本软件需要购买.只卖5元 10元永久包更新进售后群永久授权更新  群271287922  购买请联系QQ76562950', '0')

[ 2016-11-08T00:07:33+08:00 ] 113.201.31.243 /Home/changesoft?sid=&software=%E8%BF%85%E6%B8%B8%E6%9C%80%E6%96%B0%E5%AE%89%E8%A3%85%E7%89%88&try_minutes=0&try_count=0&bindmode=0&unbindmode=0&version=1&update_url=https%3A%2F%2Fjq.qq.com%2F%3F_wv%3D1027%26k%3D41GdKLB&updatemode=0&info=%E6%9C%AC%E8%BD%AF%E4%BB%B6%E9%9C%80%E8%A6%81%E8%B4%AD%E4%B9%B0.%E5%8F%AA%E5%8D%965%E5%85%83+10%E5%85%83%E6%B0%B8%E4%B9%85%E5%8C%85%E6%9B%B4%E6%96%B0%E8%BF%9B%E5%94%AE%E5%90%8E%E7%BE%A4%E6%B0%B8%E4%B9%85%E6%8E%88%E6%9D%83%E6%9B%B4%E6%96%B0++%E7%BE%A4271287922++%E8%B4%AD%E4%B9%B0%E8%AF%B7%E8%81%94%E7%B3%BBQQ76562950&frozen=0&submit=
ERR: 1406:Data too long for column 'info' at row 1
 [ SQL语句 ] : INSERT INTO cloud_software (create_time, user_id, name, try_minutes, try_count, bindmode, unbindmode, version, update_url, updatemode, info, frozen) VALUES ('2016-11-08 00:07:33', '109', '迅游最新安装版', '0', '0', '0', '0', '1', 'https://jq.qq.com/?_wv=1027&amp;k=41GdKLB', '0', '本软件需要购买.只卖5元 10元永久包更新进售后群永久授权更新  群271287922  购买请联系QQ76562950', '0')
ERR: 1406:Data too long for column 'info' at row 1
 [ SQL语句 ] : INSERT INTO cloud_software (create_time, user_id, name, try_minutes, try_count, bindmode, unbindmode, version, update_url, updatemode, info, frozen) VALUES ('2016-11-08 00:07:33', '109', '迅游最新安装版', '0', '0', '0', '0', '1', 'https://jq.qq.com/?_wv=1027&amp;k=41GdKLB', '0', '本软件需要购买.只卖5元 10元永久包更新进售后群永久授权更新  群271287922  购买请联系QQ76562950', '0')

[ 2016-11-08T00:07:38+08:00 ] 113.201.31.243 /Home/changesoft?sid=&software=%E8%BF%85%E6%B8%B8%E6%9C%80%E6%96%B0%E5%AE%89%E8%A3%85%E7%89%88&try_minutes=30&try_count=2&bindmode=0&unbindmode=0&version=1&update_url=https%3A%2F%2Fjq.qq.com%2F%3F_wv%3D1027%26k%3D41GdKLB&updatemode=0&info=%E6%9C%AC%E8%BD%AF%E4%BB%B6%E9%9C%80%E8%A6%81%E8%B4%AD%E4%B9%B0.%E5%8F%AA%E5%8D%965%E5%85%83+10%E5%85%83%E6%B0%B8%E4%B9%85%E5%8C%85%E6%9B%B4%E6%96%B0%E8%BF%9B%E5%94%AE%E5%90%8E%E7%BE%A4%E6%B0%B8%E4%B9%85%E6%8E%88%E6%9D%83%E6%9B%B4%E6%96%B0++%E7%BE%A4271287922++%E8%B4%AD%E4%B9%B0%E8%AF%B7%E8%81%94%E7%B3%BBQQ76562950&frozen=0&submit=
ERR: 1406:Data too long for column 'info' at row 1
 [ SQL语句 ] : INSERT INTO cloud_software (create_time, user_id, name, try_minutes, try_count, bindmode, unbindmode, version, update_url, updatemode, info, frozen) VALUES ('2016-11-08 00:07:38', '109', '迅游最新安装版', '30', '2', '0', '0', '1', 'https://jq.qq.com/?_wv=1027&amp;k=41GdKLB', '0', '本软件需要购买.只卖5元 10元永久包更新进售后群永久授权更新  群271287922  购买请联系QQ76562950', '0')
ERR: 1406:Data too long for column 'info' at row 1
 [ SQL语句 ] : INSERT INTO cloud_software (create_time, user_id, name, try_minutes, try_count, bindmode, unbindmode, version, update_url, updatemode, info, frozen) VALUES ('2016-11-08 00:07:38', '109', '迅游最新安装版', '30', '2', '0', '0', '1', 'https://jq.qq.com/?_wv=1027&amp;k=41GdKLB', '0', '本软件需要购买.只卖5元 10元永久包更新进售后群永久授权更新  群271287922  购买请联系QQ76562950', '0')

[ 2016-11-08T00:10:14+08:00 ] 113.201.31.243 /Home/changesoft?sid=&software=%E8%BF%85%E6%B8%B8%E6%9C%80%E6%96%B0%E5%AE%89%E8%A3%85%E7%89%88&try_minutes=0&try_count=0&bindmode=0&unbindmode=0&version=1&update_url=https%3A%2F%2Fjq.qq.com%2F%3F_wv%3D1027%26k%3D41GdKLB&updatemode=0&info=%E8%BF%85%E6%B8%B8%E6%9C%80%E6%96%B0%E7%A0%B4%E8%A7%A3%E7%89%88%E5%8F%AA%E5%8D%965%E5%85%83.+10%E5%85%83%E6%B0%B8%E4%B9%85%E5%8C%85%E6%9B%B4%E6%96%B0%E8%BF%9B%E5%94%AE%E5%90%8E%E7%BE%A4%E6%B0%B8%E4%B9%85%E6%8E%88%E6%9D%83%E6%9B%B4%E6%96%B0.%E7%BE%A4271287922.+++%E8%B4%AD%E4%B9%B0%E8%AF%B7%E8%81%94%E7%B3%BBQQ76562950&frozen=0&submit=
ERR: 1406:Data too long for column 'info' at row 1
 [ SQL语句 ] : INSERT INTO cloud_software (create_time, user_id, name, try_minutes, try_count, bindmode, unbindmode, version, update_url, updatemode, info, frozen) VALUES ('2016-11-08 00:10:14', '109', '迅游最新安装版', '0', '0', '0', '0', '1', 'https://jq.qq.com/?_wv=1027&amp;k=41GdKLB', '0', '迅游最新破解版只卖5元. 10元永久包更新进售后群永久授权更新.群271287922.   购买请联系QQ76562950', '0')
ERR: 1406:Data too long for column 'info' at row 1
 [ SQL语句 ] : INSERT INTO cloud_software (create_time, user_id, name, try_minutes, try_count, bindmode, unbindmode, version, update_url, updatemode, info, frozen) VALUES ('2016-11-08 00:10:14', '109', '迅游最新安装版', '0', '0', '0', '0', '1', 'https://jq.qq.com/?_wv=1027&amp;k=41GdKLB', '0', '迅游最新破解版只卖5元. 10元永久包更新进售后群永久授权更新.群271287922.   购买请联系QQ76562950', '0')

[ 2016-11-08T00:10:17+08:00 ] 113.201.31.243 /Home/changesoft?sid=&software=%E8%BF%85%E6%B8%B8%E6%9C%80%E6%96%B0%E5%AE%89%E8%A3%85%E7%89%88&try_minutes=0&try_count=0&bindmode=0&unbindmode=0&version=1&update_url=https%3A%2F%2Fjq.qq.com%2F%3F_wv%3D1027%26k%3D41GdKLB&updatemode=0&info=%E8%BF%85%E6%B8%B8%E6%9C%80%E6%96%B0%E7%A0%B4%E8%A7%A3%E7%89%88%E5%8F%AA%E5%8D%965%E5%85%83.+10%E5%85%83%E6%B0%B8%E4%B9%85%E5%8C%85%E6%9B%B4%E6%96%B0%E8%BF%9B%E5%94%AE%E5%90%8E%E7%BE%A4%E6%B0%B8%E4%B9%85%E6%8E%88%E6%9D%83%E6%9B%B4%E6%96%B0.%E7%BE%A4271287922.+++%E8%B4%AD%E4%B9%B0%E8%AF%B7%E8%81%94%E7%B3%BBQQ76562950&frozen=0&submit=
ERR: 1406:Data too long for column 'info' at row 1
 [ SQL语句 ] : INSERT INTO cloud_software (create_time, user_id, name, try_minutes, try_count, bindmode, unbindmode, version, update_url, updatemode, info, frozen) VALUES ('2016-11-08 00:10:17', '109', '迅游最新安装版', '0', '0', '0', '0', '1', 'https://jq.qq.com/?_wv=1027&amp;k=41GdKLB', '0', '迅游最新破解版只卖5元. 10元永久包更新进售后群永久授权更新.群271287922.   购买请联系QQ76562950', '0')
ERR: 1406:Data too long for column 'info' at row 1
 [ SQL语句 ] : INSERT INTO cloud_software (create_time, user_id, name, try_minutes, try_count, bindmode, unbindmode, version, update_url, updatemode, info, frozen) VALUES ('2016-11-08 00:10:17', '109', '迅游最新安装版', '0', '0', '0', '0', '1', 'https://jq.qq.com/?_wv=1027&amp;k=41GdKLB', '0', '迅游最新破解版只卖5元. 10元永久包更新进售后群永久授权更新.群271287922.   购买请联系QQ76562950', '0')

[ 2016-11-08T00:10:31+08:00 ] 113.201.31.243 /Home/changesoft?sid=&software=%E8%BF%85%E6%B8%B8%E6%9C%80%E6%96%B0%E5%AE%89%E8%A3%85%E7%89%88&try_minutes=0&try_count=0&bindmode=0&unbindmode=0&version=1&update_url=https%3A%2F%2Fjq.qq.com%2F%3F_wv%3D1027%26k%3D41GdKLB&updatemode=0&info=%E8%BF%85%E6%B8%B8%E6%9C%80%E6%96%B0%E7%A0%B4%E8%A7%A3%E7%89%88%E5%8F%AA%E5%8D%965%E5%85%83.+10%E5%85%83%E6%B0%B8%E4%B9%85%E5%8C%85%E6%9B%B4%E6%96%B0%E8%BF%9B%E5%94%AE%E5%90%8E%E7%BE%A4%E6%B0%B8%E4%B9%85%E6%8E%88%E6%9D%83%E6%9B%B4%E6%96%B0.%E7%BE%A4271287922.+++%E8%B4%AD%E4%B9%B0%E8%AF%B7%E8%81%94%E7%B3%BBQQ76562950&frozen=0&submit=
ERR: 1406:Data too long for column 'info' at row 1
 [ SQL语句 ] : INSERT INTO cloud_software (create_time, user_id, name, try_minutes, try_count, bindmode, unbindmode, version, update_url, updatemode, info, frozen) VALUES ('2016-11-08 00:10:31', '109', '迅游最新安装版', '0', '0', '0', '0', '1', 'https://jq.qq.com/?_wv=1027&amp;k=41GdKLB', '0', '迅游最新破解版只卖5元. 10元永久包更新进售后群永久授权更新.群271287922.   购买请联系QQ76562950', '0')
ERR: 1406:Data too long for column 'info' at row 1
 [ SQL语句 ] : INSERT INTO cloud_software (create_time, user_id, name, try_minutes, try_count, bindmode, unbindmode, version, update_url, updatemode, info, frozen) VALUES ('2016-11-08 00:10:31', '109', '迅游最新安装版', '0', '0', '0', '0', '1', 'https://jq.qq.com/?_wv=1027&amp;k=41GdKLB', '0', '迅游最新破解版只卖5元. 10元永久包更新进售后群永久授权更新.群271287922.   购买请联系QQ76562950', '0')

